Arguments: 
  /home/pratik/.nvm/versions/node/v9.5.0/bin/node /home/pratik/Documents/SIH/bigOhBackend/node_modules/.bin/yarn start

PATH: 
  /home/pratik/Documents/SIH/bigOhBackend/node_modules/.bin:/home/pratik/.config/yarn/link/node_modules/.bin:/home/pratik/Documents/SIH/bigOhBackend/node_modules/.bin:/home/pratik/.config/yarn/link/node_modules/.bin:/home/pratik/.nvm/versions/node/v9.5.0/libexec/lib/node_modules/npm/bin/node-gyp-bin:/home/pratik/.nvm/versions/node/v9.5.0/lib/node_modules/npm/bin/node-gyp-bin:/home/pratik/.nvm/versions/node/v9.5.0/bin/node_modules/npm/bin/node-gyp-bin:/home/pratik/.nvm/versions/node/v9.5.0/lib/node_modules/npm/node_modules/npm-lifecycle/node-gyp-bin:/home/pratik/Documents/SIH/bigOhBackend/node_modules/.bin:/home/pratik/anaconda2/bin:~/anaconda/bin:/home/pratik/.nvm/versions/node/v9.5.0/bin:/usr/local/sbin:/usr/local/bin:/usr/sbin:/usr/bin:/sbin:/bin:/usr/games:/usr/local/games:/snap/bin:/bin:/home/pratik/go/bin

Yarn version: 
  1.5.1

Node version: 
  9.5.0

Platform: 
  linux x64

npm manifest: 
  {
    "name": "create-react-app-express",
    "version": "0.1.0",
    "license": "MIT",
    "dependencies": {
      "ajv": "^6.3.0",
      "concurrently": "^3.5.1",
      "nodemon": "^1.17.2",
      "react": "^16.1.1",
      "react-dom": "^16.1.1",
      "react-scripts": "1.0.17",
      "yarn": "^1.5.1"
    },
    "scripts": {
      "start": "react-scripts start",
      "build": "react-scripts build",
      "test": "react-scripts test --env=jsdom",
      "eject": "react-scripts eject"
    },
    "proxy": "http://localhost:5000/"
  }

yarn manifest: 
  No manifest

Lockfile: 
  No lockfile

Trace: 
  Error: Command failed.
  Exit code: 1
  Command: sh
  Arguments: -c react-scripts start
  Directory: /home/pratik/Documents/SIH/bigOhBackend/client
  Output:
  
      at ProcessTermError.MessageError (/home/pratik/Documents/SIH/bigOhBackend/node_modules/yarn/lib/cli.js:186:110)
      at new ProcessTermError (/home/pratik/Documents/SIH/bigOhBackend/node_modules/yarn/lib/cli.js:226:113)
      at ChildProcess.<anonymous> (/home/pratik/Documents/SIH/bigOhBackend/node_modules/yarn/lib/cli.js:30281:17)
      at ChildProcess.emit (events.js:160:13)
      at maybeClose (internal/child_process.js:943:16)
      at Process.ChildProcess._handle.onexit (internal/child_process.js:220:5)
