Arguments: 
  /home/pratik/.nvm/versions/node/v9.5.0/bin/node /home/pratik/Documents/SIH/bigOhBackend/node_modules/.bin/yarn server

PATH: 
  /home/pratik/.nvm/versions/node/v9.5.0/lib/node_modules/npm/node_modules/npm-lifecycle/node-gyp-bin:/home/pratik/Documents/SIH/bigOhBackend/node_modules/.bin:/home/pratik/anaconda2/bin:~/anaconda/bin:/home/pratik/.nvm/versions/node/v9.5.0/bin:/usr/local/sbin:/usr/local/bin:/usr/sbin:/usr/bin:/sbin:/bin:/usr/games:/usr/local/games:/snap/bin:/bin:/home/pratik/go/bin

Yarn version: 
  1.5.1

Node version: 
  9.5.0

Platform: 
  linux x64

npm manifest: 
  {
    "name": "dummy-node-server",
    "version": "1.0.0",
    "description": "dummy node server for smart india use app",
    "main": "index.js",
    "scripts": {
      "test": "echo \"Error: no test specified\" && exit 1",
      "client": "cd client && yarn start",
      "server": "nodemon server.js",
      "dev": "concurrently --kill-others-on-fail \"yarn server\" \"yarn client\""
    },
    "author": "Ramit",
    "license": "ISC",
    "devDependencies": {
      "concurrently": "^3.5.1"
    },
    "dependencies": {
      "array": "^0.4.3",
      "bcrypt": "^1.0.3",
      "body-parser": "^1.18.2",
      "express": "^4.16.3",
      "firebase": "^4.11.0",
      "fs": "0.0.1-security",
      "geolib": "^2.0.24",
      "http": "0.0.0",
      "jsonwebtoken": "^8.2.0",
      "mongoose": "^5.0.10",
      "morgan": "^1.9.0",
      "nodemon": "^1.17.2",
      "randomstring": "^1.1.5",
      "yarn": "^1.5.1"
    },
    "repository": {
      "type": "git",
      "url": "git+https://github.com/mauryaavinash95/big-oh-backend.git"
    },
    "bugs": {
      "url": "https://github.com/mauryaavinash95/big-oh-backend/issues"
    },
    "homepage": "https://github.com/mauryaavinash95/big-oh-backend#readme"
  }

yarn manifest: 
  No manifest

Lockfile: 
  No lockfile

Trace: 
  Error: Command failed.
  Exit code: 1
  Command: sh
  Arguments: -c nodemon server.js
  Directory: /home/pratik/Documents/SIH/bigOhBackend
  Output:
  
      at ProcessTermError.MessageError (/home/pratik/Documents/SIH/bigOhBackend/node_modules/yarn/lib/cli.js:186:110)
      at new ProcessTermError (/home/pratik/Documents/SIH/bigOhBackend/node_modules/yarn/lib/cli.js:226:113)
      at ChildProcess.<anonymous> (/home/pratik/Documents/SIH/bigOhBackend/node_modules/yarn/lib/cli.js:30281:17)
      at ChildProcess.emit (events.js:160:13)
      at maybeClose (internal/child_process.js:943:16)
      at Process.ChildProcess._handle.onexit (internal/child_process.js:220:5)
